{"/home/sombra/smbr-git/src/rename.js": {"path":"/home/sombra/smbr-git/src/rename.js","statementMap":{"0":{"start":{"line":1,"column":22},"end":{"line":1,"column":54}}},"fnMap":{"0":{"name":"(anonymous_0)","decl":{"start":{"line":1,"column":15},"end":{"line":1,"column":16}},"loc":{"start":{"line":1,"column":22},"end":{"line":1,"column":54}},"line":1}},"branchMap":{},"s":{"0":1},"f":{"0":1},"b":{},"_coverageSchema":"1a1c01bbd47fc00a2c39e90264f33305004495a9","hash":"3da42b394b230fb1ab4c6075abbf2579598f5c30"}
}
